This file contains any messages produced by compilers while
running configure, to aid debugging if configure makes a mistake.

It was created by Gosu configure 0.7, which was
generated by GNU Autoconf 2.65.  Invocation command line was

  $ ./configure 

## --------- ##
## Platform. ##
## --------- ##

hostname = jose-desktop
uname -m = x86_64
uname -r = 2.6.32-21-generic
uname -s = Linux
uname -v = #32-Ubuntu SMP Fri Apr 16 08:09:38 UTC 2010

/usr/bin/uname -p = unknown
/bin/uname -X     = unknown

/bin/arch              = unknown
/usr/bin/arch -k       = unknown
/usr/convex/getsysinfo = unknown
/usr/bin/hostinfo      = unknown
/bin/machine           = unknown
/usr/bin/oslevel       = unknown
/bin/universe          = unknown

PATH: /usr/local/sbin
PATH: /usr/local/bin
PATH: /usr/sbin
PATH: /usr/bin
PATH: /sbin
PATH: /bin
PATH: /usr/games


## ----------- ##
## Core tests. ##
## ----------- ##

configure:2130: checking for g++
configure:2146: found /usr/bin/g++
configure:2157: result: g++
configure:2184: checking for C++ compiler version
configure:2193: g++ --version >&5
g++ (Ubuntu 4.4.3-4ubuntu5) 4.4.3
Copyright (C) 2009 Free Software Foundation, Inc.
This is free software; see the source for copying conditions.  There is NO
warranty; not even for MERCHANTABILITY or FITNESS FOR A PARTICULAR PURPOSE.

configure:2204: $? = 0
configure:2193: g++ -v >&5
Using built-in specs.
Target: x86_64-linux-gnu
Configured with: ../src/configure -v --with-pkgversion='Ubuntu 4.4.3-4ubuntu5' --with-bugurl=file:///usr/share/doc/gcc-4.4/README.Bugs --enable-languages=c,c++,fortran,objc,obj-c++ --prefix=/usr --enable-shared --enable-multiarch --enable-linker-build-id --with-system-zlib --libexecdir=/usr/lib --without-included-gettext --enable-threads=posix --with-gxx-include-dir=/usr/include/c++/4.4 --program-suffix=-4.4 --enable-nls --enable-clocale=gnu --enable-libstdcxx-debug --enable-plugin --enable-objc-gc --disable-werror --with-arch-32=i486 --with-tune=generic --enable-checking=release --build=x86_64-linux-gnu --host=x86_64-linux-gnu --target=x86_64-linux-gnu
Thread model: posix
gcc version 4.4.3 (Ubuntu 4.4.3-4ubuntu5) 
configure:2204: $? = 0
configure:2193: g++ -V >&5
g++: '-V' option must have argument
configure:2204: $? = 1
configure:2193: g++ -qversion >&5
g++: unrecognized option '-qversion'
g++: no input files
configure:2204: $? = 1
configure:2224: checking whether the C++ compiler works
configure:2246: g++    conftest.cpp  >&5
configure:2250: $? = 0
configure:2299: result: yes
configure:2302: checking for C++ compiler default output file name
configure:2304: result: a.out
configure:2310: checking for suffix of executables
configure:2317: g++ -o conftest    conftest.cpp  >&5
configure:2321: $? = 0
configure:2343: result: 
configure:2365: checking whether we are cross compiling
configure:2373: g++ -o conftest    conftest.cpp  >&5
configure:2377: $? = 0
configure:2384: ./conftest
configure:2388: $? = 0
configure:2403: result: no
configure:2408: checking for suffix of object files
configure:2430: g++ -c   conftest.cpp >&5
configure:2434: $? = 0
configure:2455: result: o
configure:2459: checking whether we are using the GNU C++ compiler
configure:2478: g++ -c   conftest.cpp >&5
configure:2478: $? = 0
configure:2487: result: yes
configure:2496: checking whether g++ accepts -g
configure:2516: g++ -c -g  conftest.cpp >&5
configure:2516: $? = 0
configure:2557: result: yes
configure:2634: checking for gcc
configure:2650: found /usr/bin/gcc
configure:2661: result: gcc
configure:2890: checking for C compiler version
configure:2899: gcc --version >&5
gcc (Ubuntu 4.4.3-4ubuntu5) 4.4.3
Copyright (C) 2009 Free Software Foundation, Inc.
This is free software; see the source for copying conditions.  There is NO
warranty; not even for MERCHANTABILITY or FITNESS FOR A PARTICULAR PURPOSE.

configure:2910: $? = 0
configure:2899: gcc -v >&5
Using built-in specs.
Target: x86_64-linux-gnu
Configured with: ../src/configure -v --with-pkgversion='Ubuntu 4.4.3-4ubuntu5' --with-bugurl=file:///usr/share/doc/gcc-4.4/README.Bugs --enable-languages=c,c++,fortran,objc,obj-c++ --prefix=/usr --enable-shared --enable-multiarch --enable-linker-build-id --with-system-zlib --libexecdir=/usr/lib --without-included-gettext --enable-threads=posix --with-gxx-include-dir=/usr/include/c++/4.4 --program-suffix=-4.4 --enable-nls --enable-clocale=gnu --enable-libstdcxx-debug --enable-plugin --enable-objc-gc --disable-werror --with-arch-32=i486 --with-tune=generic --enable-checking=release --build=x86_64-linux-gnu --host=x86_64-linux-gnu --target=x86_64-linux-gnu
Thread model: posix
gcc version 4.4.3 (Ubuntu 4.4.3-4ubuntu5) 
configure:2910: $? = 0
configure:2899: gcc -V >&5
gcc: '-V' option must have argument
configure:2910: $? = 1
configure:2899: gcc -qversion >&5
gcc: unrecognized option '-qversion'
gcc: no input files
configure:2910: $? = 1
configure:2914: checking whether we are using the GNU C compiler
configure:2933: gcc -c   conftest.c >&5
configure:2933: $? = 0
configure:2942: result: yes
configure:2951: checking whether gcc accepts -g
configure:2971: gcc -c -g  conftest.c >&5
configure:2971: $? = 0
configure:3012: result: yes
configure:3029: checking for gcc option to accept ISO C89
configure:3093: gcc  -c -g -O2  conftest.c >&5
configure:3093: $? = 0
configure:3106: result: none needed
configure:3127: checking for glMatrixMode in -lGL
configure:3152: gcc -o conftest -g -O2   conftest.c -lGL -lpthread  >&5
configure:3152: $? = 0
configure:3161: result: yes
configure:3181: checking how to run the C preprocessor
configure:3212: gcc -E  conftest.c
configure:3212: $? = 0
configure:3226: gcc -E  conftest.c
conftest.c:10:28: error: ac_nonexistent.h: No such file or directory
configure:3226: $? = 1
configure: failed program was:
| /* confdefs.h */
| #define PACKAGE_NAME "Gosu"
| #define PACKAGE_TARNAME "gosu"
| #define PACKAGE_VERSION "0.7"
| #define PACKAGE_STRING "Gosu 0.7"
| #define PACKAGE_BUGREPORT "julian@raschke.de"
| #define PACKAGE_URL ""
| #define HAVE_LIBGL 1
| /* end confdefs.h.  */
| #include <ac_nonexistent.h>
configure:3251: result: gcc -E
configure:3271: gcc -E  conftest.c
configure:3271: $? = 0
configure:3285: gcc -E  conftest.c
conftest.c:10:28: error: ac_nonexistent.h: No such file or directory
configure:3285: $? = 1
configure: failed program was:
| /* confdefs.h */
| #define PACKAGE_NAME "Gosu"
| #define PACKAGE_TARNAME "gosu"
| #define PACKAGE_VERSION "0.7"
| #define PACKAGE_STRING "Gosu 0.7"
| #define PACKAGE_BUGREPORT "julian@raschke.de"
| #define PACKAGE_URL ""
| #define HAVE_LIBGL 1
| /* end confdefs.h.  */
| #include <ac_nonexistent.h>
configure:3314: checking for X
configure:3422: gcc -E  conftest.c
configure:3422: $? = 0
configure:3453: gcc -o conftest -g -O2   conftest.c -lX11 -lGL  >&5
configure:3453: $? = 0
configure:3503: result: libraries , headers 
configure:3520: checking for pangoft2
configure:3528: result: yes
configure:3536: checking for SDL_mixer
configure:3542: result: yes
configure:3549: checking for grep that handles long lines and -e
configure:3607: result: /bin/grep
configure:3612: checking for egrep
configure:3674: result: /bin/grep -E
configure:3679: checking for ANSI C header files
configure:3699: gcc -c -g -O2  conftest.c >&5
configure:3699: $? = 0
configure:3772: gcc -o conftest -g -O2   conftest.c -lGL  >&5
configure:3772: $? = 0
configure:3772: ./conftest
configure:3772: $? = 0
configure:3783: result: yes
configure:3796: checking for sys/types.h
configure:3796: gcc -c -g -O2  conftest.c >&5
configure:3796: $? = 0
configure:3796: result: yes
configure:3796: checking for sys/stat.h
configure:3796: gcc -c -g -O2  conftest.c >&5
configure:3796: $? = 0
configure:3796: result: yes
configure:3796: checking for stdlib.h
configure:3796: gcc -c -g -O2  conftest.c >&5
configure:3796: $? = 0
configure:3796: result: yes
configure:3796: checking for string.h
configure:3796: gcc -c -g -O2  conftest.c >&5
configure:3796: $? = 0
configure:3796: result: yes
configure:3796: checking for memory.h
configure:3796: gcc -c -g -O2  conftest.c >&5
configure:3796: $? = 0
configure:3796: result: yes
configure:3796: checking for strings.h
configure:3796: gcc -c -g -O2  conftest.c >&5
configure:3796: $? = 0
configure:3796: result: yes
configure:3796: checking for inttypes.h
configure:3796: gcc -c -g -O2  conftest.c >&5
configure:3796: $? = 0
configure:3796: result: yes
configure:3796: checking for stdint.h
configure:3796: gcc -c -g -O2  conftest.c >&5
configure:3796: $? = 0
configure:3796: result: yes
configure:3796: checking for unistd.h
configure:3796: gcc -c -g -O2  conftest.c >&5
configure:3796: $? = 0
configure:3796: result: yes
configure:3809: checking for sys/stat.h
configure:3809: result: yes
configure:3818: checking for dlopen in -ldl
configure:3843: gcc -o conftest -g -O2   conftest.c -ldl  -lGL  >&5
configure:3843: $? = 0
configure:3852: result: yes
configure:3912: checking for sched_setscheduler in -lrt
configure:3937: gcc -o conftest -g -O2   conftest.c -lrt  -lGL  -ldl >&5
configure:3937: $? = 0
configure:3946: result: yes
configure:4147: creating ./config.status

## ---------------------- ##
## Running config.status. ##
## ---------------------- ##

This file was extended by Gosu config.status 0.7, which was
generated by GNU Autoconf 2.65.  Invocation command line was

  CONFIG_FILES    = 
  CONFIG_HEADERS  = 
  CONFIG_LINKS    = 
  CONFIG_COMMANDS = 
  $ ./config.status 

on jose-desktop

config.status:744: creating Makefile

## ---------------- ##
## Cache variables. ##
## ---------------- ##

ac_cv_c_compiler_gnu=yes
ac_cv_cxx_compiler_gnu=yes
ac_cv_env_CCC_set=
ac_cv_env_CCC_value=
ac_cv_env_CC_set=
ac_cv_env_CC_value=
ac_cv_env_CFLAGS_set=
ac_cv_env_CFLAGS_value=
ac_cv_env_CPPFLAGS_set=
ac_cv_env_CPPFLAGS_value=
ac_cv_env_CPP_set=
ac_cv_env_CPP_value=
ac_cv_env_CXXFLAGS_set=
ac_cv_env_CXXFLAGS_value=
ac_cv_env_CXX_set=
ac_cv_env_CXX_value=
ac_cv_env_LDFLAGS_set=
ac_cv_env_LDFLAGS_value=
ac_cv_env_LIBS_set=
ac_cv_env_LIBS_value=
ac_cv_env_XMKMF_set=
ac_cv_env_XMKMF_value=
ac_cv_env_build_alias_set=
ac_cv_env_build_alias_value=
ac_cv_env_host_alias_set=
ac_cv_env_host_alias_value=
ac_cv_env_target_alias_set=
ac_cv_env_target_alias_value=
ac_cv_have_x='have_x=yes	ac_x_includes='\'''\''	ac_x_libraries='\'''\'''
ac_cv_header_inttypes_h=yes
ac_cv_header_memory_h=yes
ac_cv_header_stdc=yes
ac_cv_header_stdint_h=yes
ac_cv_header_stdlib_h=yes
ac_cv_header_string_h=yes
ac_cv_header_strings_h=yes
ac_cv_header_sys_stat_h=yes
ac_cv_header_sys_types_h=yes
ac_cv_header_unistd_h=yes
ac_cv_lib_GL_glMatrixMode=yes
ac_cv_lib_dl_dlopen=yes
ac_cv_lib_rt_sched_setscheduler=yes
ac_cv_objext=o
ac_cv_path_EGREP='/bin/grep -E'
ac_cv_path_GREP=/bin/grep
ac_cv_prog_CPP='gcc -E'
ac_cv_prog_ac_ct_CC=gcc
ac_cv_prog_ac_ct_CXX=g++
ac_cv_prog_cc_c89=
ac_cv_prog_cc_g=yes
ac_cv_prog_cxx_g=yes

## ----------------- ##
## Output variables. ##
## ----------------- ##

AUDIO_INC='-I/usr/include/SDL -D_GNU_SOURCE=1 -D_REENTRANT'
AUDIO_LIBS='-L/usr/lib -lSDL -lSDL_mixer'
CC='gcc'
CFLAGS='-g -O2'
CPP='gcc -E'
CPPFLAGS=''
CXX='g++'
CXXFLAGS='-g -O2'
DEFS='-DPACKAGE_NAME=\"Gosu\" -DPACKAGE_TARNAME=\"gosu\" -DPACKAGE_VERSION=\"0.7\" -DPACKAGE_STRING=\"Gosu\ 0.7\" -DPACKAGE_BUGREPORT=\"julian@raschke.de\" -DPACKAGE_URL=\"\" -DHAVE_LIBGL=1 -DSTDC_HEADERS=1 -DHAVE_SYS_TYPES_H=1 -DHAVE_SYS_STAT_H=1 -DHAVE_STDLIB_H=1 -DHAVE_STRING_H=1 -DHAVE_MEMORY_H=1 -DHAVE_STRINGS_H=1 -DHAVE_INTTYPES_H=1 -DHAVE_STDINT_H=1 -DHAVE_UNISTD_H=1'
DLOPEN_LIB=''
ECHO_C=''
ECHO_N='-n'
ECHO_T=''
EGREP='/bin/grep -E'
EXEEXT=''
GOSU_A_OBJS='$(BASE_OBJS) $(NET_OBJS) $(SDLMIXER_OBJ)'
GREP='/bin/grep'
HAVE_LIBRT=''
HAVE_SYS_STAT_H='-DHAVE_SYS_STAT_H'
INSTALL_ACTION='cpp_install'
LDFLAGS=''
LIBOBJS=''
LIBS='-lGL  -ldl -lrt'
LTLIBOBJS=''
OBJEXT='o'
PACKAGE_BUGREPORT='julian@raschke.de'
PACKAGE_NAME='Gosu'
PACKAGE_STRING='Gosu 0.7'
PACKAGE_TARNAME='gosu'
PACKAGE_URL=''
PACKAGE_VERSION='0.7'
PANGO_CXX_FLAGS='-pthread -I/usr/include/pango-1.0 -I/usr/include/freetype2 -I/usr/include/glib-2.0 -I/usr/lib/glib-2.0/include  '
PANGO_LIBS='-pthread -lpangoft2-1.0 -lpango-1.0 -lfreetype -lfontconfig -lgobject-2.0 -lgmodule-2.0 -lgthread-2.0 -lrt -lglib-2.0  '
PATH_SEPARATOR=':'
PKG_CONFIG='pkg-config'
SHELL='/bin/bash'
TO_BE_MADE='directories ../lib/libgosu.a ../lib/libgosu.so examples ../bin/gosu-config'
UNINSTALL_ACTION='cpp_uninstall'
XMKMF=''
X_INCS=''
ac_ct_CC='gcc'
ac_ct_CXX='g++'
bindir='${exec_prefix}/bin'
build_alias=''
datadir='${datarootdir}'
datarootdir='${prefix}/share'
docdir='${datarootdir}/doc/${PACKAGE_TARNAME}'
dvidir='${docdir}'
exec_prefix='${prefix}'
host_alias=''
htmldir='${docdir}'
includedir='${prefix}/include'
infodir='${datarootdir}/info'
libdir='${exec_prefix}/lib'
libexecdir='${exec_prefix}/libexec'
localedir='${datarootdir}/locale'
localstatedir='${prefix}/var'
mandir='${datarootdir}/man'
oldincludedir='/usr/include'
pdfdir='${docdir}'
prefix='/usr/local'
program_transform_name='s,x,x,'
psdir='${docdir}'
sbindir='${exec_prefix}/sbin'
sharedstatedir='${prefix}/com'
sysconfdir='${prefix}/etc'
target_alias=''
x_libraries=''

## ----------- ##
## confdefs.h. ##
## ----------- ##

/* confdefs.h */
#define PACKAGE_NAME "Gosu"
#define PACKAGE_TARNAME "gosu"
#define PACKAGE_VERSION "0.7"
#define PACKAGE_STRING "Gosu 0.7"
#define PACKAGE_BUGREPORT "julian@raschke.de"
#define PACKAGE_URL ""
#define HAVE_LIBGL 1
#define STDC_HEADERS 1
#define HAVE_SYS_TYPES_H 1
#define HAVE_SYS_STAT_H 1
#define HAVE_STDLIB_H 1
#define HAVE_STRING_H 1
#define HAVE_MEMORY_H 1
#define HAVE_STRINGS_H 1
#define HAVE_INTTYPES_H 1
#define HAVE_STDINT_H 1
#define HAVE_UNISTD_H 1

configure: exit 0
